2024-08-28 11:03:11,863 [INFO] com.example.LoggingApplication [main] Starting LoggingApplication using Java 17.0.12 with PID 6636 (/home/rthyd-lap-504/Downloads/Spring-Boot/Logging/target/classes started by rthyd-lap-504 in /home/rthyd-lap-504/Downloads/Spring-Boot/Logging)
2024-08-28 11:03:11,865 [DEBUG] com.example.LoggingApplication [main] Running with Spring Boot v3.3.3, Spring v6.1.12
2024-08-28 11:03:11,866 [INFO] com.example.LoggingApplication [main] No active profile set, falling back to 1 default profile: "default"
2024-08-28 11:03:12,795 [INFO] org.springframework.boot.web.embedded.tomcat.TomcatWebServer [main] Tomcat initialized with port 8080 (http)
2024-08-28 11:03:12,809 [INFO] org.apache.catalina.core.StandardService [main] Starting service [Tomcat]
2024-08-28 11:03:12,810 [INFO] org.apache.catalina.core.StandardEngine [main] Starting Servlet engine: [Apache Tomcat/10.1.28]
2024-08-28 11:03:12,857 [INFO] org.apache.catalina.core.ContainerBase.[Tomcat].[localhost].[/] [main] Initializing Spring embedded WebApplicationContext
2024-08-28 11:03:12,858 [INFO] org.springframework.boot.web.servlet.context.ServletWebServerApplicationContext [main] Root WebApplicationContext: initialization completed in 949 ms
2024-08-28 11:03:13,267 [INFO] org.springframework.boot.web.embedded.tomcat.TomcatWebServer [main] Tomcat started on port 8080 (http) with context path '/'
2024-08-28 11:03:13,282 [INFO] com.example.LoggingApplication [main] Started LoggingApplication in 1.93 seconds (process running for 2.375)
2024-08-28 11:03:17,618 [INFO] org.apache.catalina.core.ContainerBase.[Tomcat].[localhost].[/] [http-nio-8080-exec-1] Initializing Spring DispatcherServlet 'dispatcherServlet'
2024-08-28 11:03:17,619 [INFO] org.springframework.web.servlet.DispatcherServlet [http-nio-8080-exec-1] Initializing Servlet 'dispatcherServlet'
2024-08-28 11:03:17,620 [INFO] org.springframework.web.servlet.DispatcherServlet [http-nio-8080-exec-1] Completed initialization in 1 ms
2024-08-28 11:03:17,646 [TRACE] com.example.rest.HomeController [http-nio-8080-exec-1] FATAL ERROR
2024-08-28 11:03:18,280 [TRACE] com.example.rest.HomeController [http-nio-8080-exec-2] FATAL ERROR
2024-08-28 11:03:19,586 [TRACE] com.example.rest.HomeController [http-nio-8080-exec-3] FATAL ERROR
2024-08-28 11:11:20,606 [INFO] com.example.LoggingApplication [main] Starting LoggingApplication using Java 17.0.12 with PID 7161 (/home/rthyd-lap-504/Downloads/Spring-Boot/Logging/target/classes started by rthyd-lap-504 in /home/rthyd-lap-504/Downloads/Spring-Boot/Logging)
2024-08-28 11:11:20,607 [DEBUG] com.example.LoggingApplication [main] Running with Spring Boot v3.3.3, Spring v6.1.12
2024-08-28 11:11:20,608 [INFO] com.example.LoggingApplication [main] No active profile set, falling back to 1 default profile: "default"
2024-08-28 11:11:21,313 [INFO] org.springframework.boot.web.embedded.tomcat.TomcatWebServer [main] Tomcat initialized with port 8080 (http)
2024-08-28 11:11:21,324 [INFO] org.apache.catalina.core.StandardService [main] Starting service [Tomcat]
2024-08-28 11:11:21,324 [INFO] org.apache.catalina.core.StandardEngine [main] Starting Servlet engine: [Apache Tomcat/10.1.28]
2024-08-28 11:11:21,363 [INFO] org.apache.catalina.core.ContainerBase.[Tomcat].[localhost].[/] [main] Initializing Spring embedded WebApplicationContext
2024-08-28 11:11:21,364 [INFO] org.springframework.boot.web.servlet.context.ServletWebServerApplicationContext [main] Root WebApplicationContext: initialization completed in 728 ms
2024-08-28 11:11:21,624 [INFO] org.springframework.boot.web.embedded.tomcat.TomcatWebServer [main] Tomcat started on port 8080 (http) with context path '/'
2024-08-28 11:11:21,634 [INFO] com.example.LoggingApplication [main] Started LoggingApplication in 1.423 seconds (process running for 1.638)
2024-08-28 11:11:30,872 [INFO] org.apache.catalina.core.ContainerBase.[Tomcat].[localhost].[/] [http-nio-8080-exec-1] Initializing Spring DispatcherServlet 'dispatcherServlet'
2024-08-28 11:11:30,873 [INFO] org.springframework.web.servlet.DispatcherServlet [http-nio-8080-exec-1] Initializing Servlet 'dispatcherServlet'
2024-08-28 11:11:30,873 [INFO] org.springframework.web.servlet.DispatcherServlet [http-nio-8080-exec-1] Completed initialization in 0 ms
2024-08-28 11:11:34,378 [TRACE] com.example.rest.HomeController [http-nio-8080-exec-2] FATAL ERROR
2024-08-28 11:11:43,961 [TRACE] com.example.rest.HomeController [http-nio-8080-exec-3] FATAL ERROR
2024-08-28 11:11:56,341 [TRACE] com.example.rest.HomeController [http-nio-8080-exec-4] FATAL ERROR
